<?xml version="1.0" encoding="UTF-8"?>
<!-- Generated by org.testng.reporters.JUnitReportReporter -->
<testsuite hostname="LAPTOP-2LPNT3FM" failures="0" tests="1" name="com.ui.tests.SearchBusTest" time="202.918" errors="0" timestamp="2025-07-26T12:41:45 IST" skipped="0">
  <testcase classname="com.ui.tests.SearchBusTest" name="searchBusUsingData" time="202.918"/>
</testsuite> <!-- com.ui.tests.SearchBusTest -->
