<?xml version="1.0" encoding="UTF-8"?>
<!-- Generated by org.testng.reporters.JUnitReportReporter -->
<testsuite hostname="LAPTOP-2LPNT3FM" failures="0" tests="1" name="com.ui.tests.SearchBusTest" time="89.515" errors="0" timestamp="2025-07-26T00:59:35 IST" skipped="0">
  <testcase classname="com.ui.tests.SearchBusTest" name="searchBus" time="89.515"/>
</testsuite> <!-- com.ui.tests.SearchBusTest -->
